13
12
12
14
12
14
12
12
12
12
14
11
14
16
18
20
18
20
22
21
22
22
24
26
24
26
28
30
29
31
29
28
31
33
32
34
33
34
36
37
36
38
40
39
40
39
40
41
43
41
43
45
47
46
46
48
50
49
50
50
52
54
53
55
54
55
56
56
58
57
57
60
61
63
62
62
64
65
67
66
66
66
66
68
70
72
71
70
72
74
73
75
75
77
79
81
83
82
82
82
84
85
87
86
88
89
89
91
89
91
89
91
89
91
90
91
91
93
95
94
96
98
100
99
101
99
99
99
101
103
102
101
103
102
101
101
103
105
103
105
107
109
108
108
110
112
110
111
111
114
113
115
114
116
116
119
121
120
120
120
122
124
123
123
125
127
126
126
125
127
127
129
127
129
131
133
131
134
136
138
137
137
139
137
139
137
139
137
136
136
LDRRUULLDRULDRULDRRULLDRRULLDRRULLDRULDRULDRRULDLURDLURRDLULDRULDRULDDRUULDDRRDRULLLUURRDLDLUURDRULLDRULDRURDLLURDLURRDLLURDRULLDRURDLLU
